The system is: Linux - 4.4.0-53-generic - x86_64
Compiling the C compiler identification source file "CMakeCCompilerId.c" succeeded.
Compiler: /dev_t/bin/clang 
Build flags: 
Id flags: 

The output was:
0


Compilation of the C compiler identification source "CMakeCCompilerId.c" produced "a.out"

The C compiler identification is Clang, found in "/cci_src/cci-develop/cci-cpp-stream/curlpp/build/CMakeFiles/3.5.1/CompilerIdC/a.out"

Compiling the CXX compiler identification source file "CMakeCXXCompilerId.cpp" succeeded.
Compiler: /dev_t/bin/clang++ 
Build flags: 
Id flags: 

The output was:
0


Compilation of the CXX compiler identification source "CMakeCXXCompilerId.cpp" produced "a.out"

The CXX compiler identification is Clang, found in "/cci_src/cci-develop/cci-cpp-stream/curlpp/build/CMakeFiles/3.5.1/CompilerIdCXX/a.out"

Determining if the C compiler works passed with the following output:
Change Dir: /cci_src/cci-develop/cci-cpp-stream/curlpp/build/CMakeFiles/CMakeTmp

Run Build Command:"/usr/bin/make" "cmTC_801ee/fast"
/usr/bin/make -f CMakeFiles/cmTC_801ee.dir/build.make CMakeFiles/cmTC_801ee.dir/build
make[1]: Entering directory '/cci_src/cci-develop/cci-cpp-stream/curlpp/build/CMakeFiles/CMakeTmp'
Building C object CMakeFiles/cmTC_801ee.dir/testCCompiler.c.o
/dev_t/bin/clang     -o CMakeFiles/cmTC_801ee.dir/testCCompiler.c.o   -c /cci_src/cci-develop/cci-cpp-stream/curlpp/build/CMakeFiles/CMakeTmp/testCCompiler.c
Linking C executable cmTC_801ee
/usr/bin/cmake -E cmake_link_script CMakeFiles/cmTC_801ee.dir/link.txt --verbose=1
/dev_t/bin/clang       CMakeFiles/cmTC_801ee.dir/testCCompiler.c.o  -o cmTC_801ee -rdynamic 
make[1]: Leaving directory '/cci_src/cci-develop/cci-cpp-stream/curlpp/build/CMakeFiles/CMakeTmp'


Detecting C compiler ABI info compiled with the following output:
Change Dir: /cci_src/cci-develop/cci-cpp-stream/curlpp/build/CMakeFiles/CMakeTmp

Run Build Command:"/usr/bin/make" "cmTC_92a34/fast"
/usr/bin/make -f CMakeFiles/cmTC_92a34.dir/build.make CMakeFiles/cmTC_92a34.dir/build
make[1]: Entering directory '/cci_src/cci-develop/cci-cpp-stream/curlpp/build/CMakeFiles/CMakeTmp'
Building C object CMakeFiles/cmTC_92a34.dir/CMakeCCompilerABI.c.o
/dev_t/bin/clang     -o CMakeFiles/cmTC_92a34.dir/CMakeCCompilerABI.c.o   -c /usr/share/cmake-3.5/Modules/CMakeCCompilerABI.c
Linking C executable cmTC_92a34
/usr/bin/cmake -E cmake_link_script CMakeFiles/cmTC_92a34.dir/link.txt --verbose=1
/dev_t/bin/clang      -v CMakeFiles/cmTC_92a34.dir/CMakeCCompilerABI.c.o  -o cmTC_92a34 -rdynamic  
clang version 4.0.1 (tags/RELEASE_401/final)
Target: x86_64-unknown-linux-gnu
Thread model: posix
InstalledDir: /dev_t/bin
Found candidate GCC installation: /usr/lib/gcc/i686-linux-gnu/5
Found candidate GCC installation: /usr/lib/gcc/i686-linux-gnu/5.4.0
Found candidate GCC installation: /usr/lib/gcc/i686-linux-gnu/6
Found candidate GCC installation: /usr/lib/gcc/i686-linux-gnu/6.0.0
Found candidate GCC installation: /usr/lib/gcc/x86_64-linux-gnu/5
Found candidate GCC installation: /usr/lib/gcc/x86_64-linux-gnu/5.4.0
Found candidate GCC installation: /usr/lib/gcc/x86_64-linux-gnu/6
Found candidate GCC installation: /usr/lib/gcc/x86_64-linux-gnu/6.0.0
Selected GCC installation: /usr/lib/gcc/x86_64-linux-gnu/5.4.0
Candidate multilib: .;@m64
Selected multilib: .;@m64
 "/usr/bin/ld" -export-dynamic --hash-style=both --eh-frame-hdr -m elf_x86_64 -export-dynamic -dynamic-linker /lib64/ld-linux-x86-64.so.2 -o cmTC_92a34 /usr/lib/gcc/x86_64-linux-gnu/5.4.0/../../../x86_64-linux-gnu/crt1.o /usr/lib/gcc/x86_64-linux-gnu/5.4.0/../../../x86_64-linux-gnu/crti.o /usr/lib/gcc/x86_64-linux-gnu/5.4.0/crtbegin.o -L/usr/lib/gcc/x86_64-linux-gnu/5.4.0 -L/usr/lib/gcc/x86_64-linux-gnu/5.4.0/../../../x86_64-linux-gnu -L/lib/x86_64-linux-gnu -L/lib/../lib64 -L/usr/lib/x86_64-linux-gnu -L/usr/lib/gcc/x86_64-linux-gnu/5.4.0/../../.. -L/dev_t/bin/../lib -L/lib -L/usr/lib CMakeFiles/cmTC_92a34.dir/CMakeCCompilerABI.c.o -lgcc --as-needed -lgcc_s --no-as-needed -lc -lgcc --as-needed -lgcc_s --no-as-needed /usr/lib/gcc/x86_64-linux-gnu/5.4.0/crtend.o /usr/lib/gcc/x86_64-linux-gnu/5.4.0/../../../x86_64-linux-gnu/crtn.o
make[1]: Leaving directory '/cci_src/cci-develop/cci-cpp-stream/curlpp/build/CMakeFiles/CMakeTmp'


Parsed C implicit link information from above output:
  link line regex: [^( *|.*[/\])(ld|([^/\]+-)?ld|collect2)[^/\]*( |$)]
  ignore line: [Change Dir: /cci_src/cci-develop/cci-cpp-stream/curlpp/build/CMakeFiles/CMakeTmp]
  ignore line: []
  ignore line: [Run Build Command:"/usr/bin/make" "cmTC_92a34/fast"]
  ignore line: [/usr/bin/make -f CMakeFiles/cmTC_92a34.dir/build.make CMakeFiles/cmTC_92a34.dir/build]
  ignore line: [make[1]: Entering directory '/cci_src/cci-develop/cci-cpp-stream/curlpp/build/CMakeFiles/CMakeTmp']
  ignore line: [Building C object CMakeFiles/cmTC_92a34.dir/CMakeCCompilerABI.c.o]
  ignore line: [/dev_t/bin/clang     -o CMakeFiles/cmTC_92a34.dir/CMakeCCompilerABI.c.o   -c /usr/share/cmake-3.5/Modules/CMakeCCompilerABI.c]
  ignore line: [Linking C executable cmTC_92a34]
  ignore line: [/usr/bin/cmake -E cmake_link_script CMakeFiles/cmTC_92a34.dir/link.txt --verbose=1]
  ignore line: [/dev_t/bin/clang      -v CMakeFiles/cmTC_92a34.dir/CMakeCCompilerABI.c.o  -o cmTC_92a34 -rdynamic  ]
  ignore line: [clang version 4.0.1 (tags/RELEASE_401/final)]
  ignore line: [Target: x86_64-unknown-linux-gnu]
  ignore line: [Thread model: posix]
  ignore line: [InstalledDir: /dev_t/bin]
  ignore line: [Found candidate GCC installation: /usr/lib/gcc/i686-linux-gnu/5]
  ignore line: [Found candidate GCC installation: /usr/lib/gcc/i686-linux-gnu/5.4.0]
  ignore line: [Found candidate GCC installation: /usr/lib/gcc/i686-linux-gnu/6]
  ignore line: [Found candidate GCC installation: /usr/lib/gcc/i686-linux-gnu/6.0.0]
  ignore line: [Found candidate GCC installation: /usr/lib/gcc/x86_64-linux-gnu/5]
  ignore line: [Found candidate GCC installation: /usr/lib/gcc/x86_64-linux-gnu/5.4.0]
  ignore line: [Found candidate GCC installation: /usr/lib/gcc/x86_64-linux-gnu/6]
  ignore line: [Found candidate GCC installation: /usr/lib/gcc/x86_64-linux-gnu/6.0.0]
  ignore line: [Selected GCC installation: /usr/lib/gcc/x86_64-linux-gnu/5.4.0]
  ignore line: [Candidate multilib: .]
  ignore line: [@m64]
  ignore line: [Selected multilib: .]
  ignore line: [@m64]
  link line: [ "/usr/bin/ld" -export-dynamic --hash-style=both --eh-frame-hdr -m elf_x86_64 -export-dynamic -dynamic-linker /lib64/ld-linux-x86-64.so.2 -o cmTC_92a34 /usr/lib/gcc/x86_64-linux-gnu/5.4.0/../../../x86_64-linux-gnu/crt1.o /usr/lib/gcc/x86_64-linux-gnu/5.4.0/../../../x86_64-linux-gnu/crti.o /usr/lib/gcc/x86_64-linux-gnu/5.4.0/crtbegin.o -L/usr/lib/gcc/x86_64-linux-gnu/5.4.0 -L/usr/lib/gcc/x86_64-linux-gnu/5.4.0/../../../x86_64-linux-gnu -L/lib/x86_64-linux-gnu -L/lib/../lib64 -L/usr/lib/x86_64-linux-gnu -L/usr/lib/gcc/x86_64-linux-gnu/5.4.0/../../.. -L/dev_t/bin/../lib -L/lib -L/usr/lib CMakeFiles/cmTC_92a34.dir/CMakeCCompilerABI.c.o -lgcc --as-needed -lgcc_s --no-as-needed -lc -lgcc --as-needed -lgcc_s --no-as-needed /usr/lib/gcc/x86_64-linux-gnu/5.4.0/crtend.o /usr/lib/gcc/x86_64-linux-gnu/5.4.0/../../../x86_64-linux-gnu/crtn.o]
    arg [/usr/bin/ld] ==> ignore
    arg [-export-dynamic] ==> ignore
    arg [--hash-style=both] ==> ignore
    arg [--eh-frame-hdr] ==> ignore
    arg [-m] ==> ignore
    arg [elf_x86_64] ==> ignore
    arg [-export-dynamic] ==> ignore
    arg [-dynamic-linker] ==> ignore
    arg [/lib64/ld-linux-x86-64.so.2] ==> ignore
    arg [-o] ==> ignore
    arg [cmTC_92a34] ==> ignore
    arg [/usr/lib/gcc/x86_64-linux-gnu/5.4.0/../../../x86_64-linux-gnu/crt1.o] ==> ignore
    arg [/usr/lib/gcc/x86_64-linux-gnu/5.4.0/../../../x86_64-linux-gnu/crti.o] ==> ignore
    arg [/usr/lib/gcc/x86_64-linux-gnu/5.4.0/crtbegin.o] ==> ignore
    arg [-L/usr/lib/gcc/x86_64-linux-gnu/5.4.0] ==> dir [/usr/lib/gcc/x86_64-linux-gnu/5.4.0]
    arg [-L/usr/lib/gcc/x86_64-linux-gnu/5.4.0/../../../x86_64-linux-gnu] ==> dir [/usr/lib/gcc/x86_64-linux-gnu/5.4.0/../../../x86_64-linux-gnu]
    arg [-L/lib/x86_64-linux-gnu] ==> dir [/lib/x86_64-linux-gnu]
    arg [-L/lib/../lib64] ==> dir [/lib/../lib64]
    arg [-L/usr/lib/x86_64-linux-gnu] ==> dir [/usr/lib/x86_64-linux-gnu]
    arg [-L/usr/lib/gcc/x86_64-linux-gnu/5.4.0/../../..] ==> dir [/usr/lib/gcc/x86_64-linux-gnu/5.4.0/../../..]
    arg [-L/dev_t/bin/../lib] ==> dir [/dev_t/bin/../lib]
    arg [-L/lib] ==> dir [/lib]
    arg [-L/usr/lib] ==> dir [/usr/lib]
    arg [CMakeFiles/cmTC_92a34.dir/CMakeCCompilerABI.c.o] ==> ignore
    arg [-lgcc] ==> lib [gcc]
    arg [--as-needed] ==> ignore
    arg [-lgcc_s] ==> lib [gcc_s]
    arg [--no-as-needed] ==> ignore
    arg [-lc] ==> lib [c]
    arg [-lgcc] ==> lib [gcc]
    arg [--as-needed] ==> ignore
    arg [-lgcc_s] ==> lib [gcc_s]
    arg [--no-as-needed] ==> ignore
    arg [/usr/lib/gcc/x86_64-linux-gnu/5.4.0/crtend.o] ==> ignore
    arg [/usr/lib/gcc/x86_64-linux-gnu/5.4.0/../../../x86_64-linux-gnu/crtn.o] ==> ignore
  remove lib [gcc]
  remove lib [gcc_s]
  remove lib [gcc]
  remove lib [gcc_s]
  collapse library dir [/usr/lib/gcc/x86_64-linux-gnu/5.4.0] ==> [/usr/lib/gcc/x86_64-linux-gnu/5.4.0]
  collapse library dir [/usr/lib/gcc/x86_64-linux-gnu/5.4.0/../../../x86_64-linux-gnu] ==> [/usr/lib/x86_64-linux-gnu]
  collapse library dir [/lib/x86_64-linux-gnu] ==> [/lib/x86_64-linux-gnu]
  collapse library dir [/lib/../lib64] ==> [/lib64]
  collapse library dir [/usr/lib/x86_64-linux-gnu] ==> [/usr/lib/x86_64-linux-gnu]
  collapse library dir [/usr/lib/gcc/x86_64-linux-gnu/5.4.0/../../..] ==> [/usr/lib]
  collapse library dir [/dev_t/bin/../lib] ==> [/dev_t/lib]
  collapse library dir [/lib] ==> [/lib]
  collapse library dir [/usr/lib] ==> [/usr/lib]
  implicit libs: [c]
  implicit dirs: [/usr/lib/gcc/x86_64-linux-gnu/5.4.0;/usr/lib/x86_64-linux-gnu;/lib/x86_64-linux-gnu;/lib64;/usr/lib;/dev_t/lib;/lib]
  implicit fwks: []




Detecting C [-std=c11] compiler features compiled with the following output:
Change Dir: /cci_src/cci-develop/cci-cpp-stream/curlpp/build/CMakeFiles/CMakeTmp

Run Build Command:"/usr/bin/make" "cmTC_579c9/fast"
/usr/bin/make -f CMakeFiles/cmTC_579c9.dir/build.make CMakeFiles/cmTC_579c9.dir/build
make[1]: Entering directory '/cci_src/cci-develop/cci-cpp-stream/curlpp/build/CMakeFiles/CMakeTmp'
Building C object CMakeFiles/cmTC_579c9.dir/feature_tests.c.o
/dev_t/bin/clang    -std=c11 -o CMakeFiles/cmTC_579c9.dir/feature_tests.c.o   -c /cci_src/cci-develop/cci-cpp-stream/curlpp/build/CMakeFiles/feature_tests.c
Linking C executable cmTC_579c9
/usr/bin/cmake -E cmake_link_script CMakeFiles/cmTC_579c9.dir/link.txt --verbose=1
/dev_t/bin/clang       CMakeFiles/cmTC_579c9.dir/feature_tests.c.o  -o cmTC_579c9 -rdynamic 
make[1]: Leaving directory '/cci_src/cci-develop/cci-cpp-stream/curlpp/build/CMakeFiles/CMakeTmp'


    Feature record: C_FEATURE:1c_function_prototypes
    Feature record: C_FEATURE:1c_restrict
    Feature record: C_FEATURE:1c_static_assert
    Feature record: C_FEATURE:1c_variadic_macros


Detecting C [-std=c99] compiler features compiled with the following output:
Change Dir: /cci_src/cci-develop/cci-cpp-stream/curlpp/build/CMakeFiles/CMakeTmp

Run Build Command:"/usr/bin/make" "cmTC_3a823/fast"
/usr/bin/make -f CMakeFiles/cmTC_3a823.dir/build.make CMakeFiles/cmTC_3a823.dir/build
make[1]: Entering directory '/cci_src/cci-develop/cci-cpp-stream/curlpp/build/CMakeFiles/CMakeTmp'
Building C object CMakeFiles/cmTC_3a823.dir/feature_tests.c.o
/dev_t/bin/clang    -std=c99 -o CMakeFiles/cmTC_3a823.dir/feature_tests.c.o   -c /cci_src/cci-develop/cci-cpp-stream/curlpp/build/CMakeFiles/feature_tests.c
Linking C executable cmTC_3a823
/usr/bin/cmake -E cmake_link_script CMakeFiles/cmTC_3a823.dir/link.txt --verbose=1
/dev_t/bin/clang       CMakeFiles/cmTC_3a823.dir/feature_tests.c.o  -o cmTC_3a823 -rdynamic 
make[1]: Leaving directory '/cci_src/cci-develop/cci-cpp-stream/curlpp/build/CMakeFiles/CMakeTmp'


    Feature record: C_FEATURE:1c_function_prototypes
    Feature record: C_FEATURE:1c_restrict
    Feature record: C_FEATURE:0c_static_assert
    Feature record: C_FEATURE:1c_variadic_macros


Detecting C [-std=c90] compiler features compiled with the following output:
Change Dir: /cci_src/cci-develop/cci-cpp-stream/curlpp/build/CMakeFiles/CMakeTmp

Run Build Command:"/usr/bin/make" "cmTC_cbbe1/fast"
/usr/bin/make -f CMakeFiles/cmTC_cbbe1.dir/build.make CMakeFiles/cmTC_cbbe1.dir/build
make[1]: Entering directory '/cci_src/cci-develop/cci-cpp-stream/curlpp/build/CMakeFiles/CMakeTmp'
Building C object CMakeFiles/cmTC_cbbe1.dir/feature_tests.c.o
/dev_t/bin/clang    -std=c90 -o CMakeFiles/cmTC_cbbe1.dir/feature_tests.c.o   -c /cci_src/cci-develop/cci-cpp-stream/curlpp/build/CMakeFiles/feature_tests.c
Linking C executable cmTC_cbbe1
/usr/bin/cmake -E cmake_link_script CMakeFiles/cmTC_cbbe1.dir/link.txt --verbose=1
/dev_t/bin/clang       CMakeFiles/cmTC_cbbe1.dir/feature_tests.c.o  -o cmTC_cbbe1 -rdynamic 
make[1]: Leaving directory '/cci_src/cci-develop/cci-cpp-stream/curlpp/build/CMakeFiles/CMakeTmp'


    Feature record: C_FEATURE:1c_function_prototypes
    Feature record: C_FEATURE:0c_restrict
    Feature record: C_FEATURE:0c_static_assert
    Feature record: C_FEATURE:0c_variadic_macros
Determining if the CXX compiler works passed with the following output:
Change Dir: /cci_src/cci-develop/cci-cpp-stream/curlpp/build/CMakeFiles/CMakeTmp

Run Build Command:"/usr/bin/make" "cmTC_e3f4f/fast"
/usr/bin/make -f CMakeFiles/cmTC_e3f4f.dir/build.make CMakeFiles/cmTC_e3f4f.dir/build
make[1]: Entering directory '/cci_src/cci-develop/cci-cpp-stream/curlpp/build/CMakeFiles/CMakeTmp'
Building CXX object CMakeFiles/cmTC_e3f4f.dir/testCXXCompiler.cxx.o
/dev_t/bin/clang++      -o CMakeFiles/cmTC_e3f4f.dir/testCXXCompiler.cxx.o -c /cci_src/cci-develop/cci-cpp-stream/curlpp/build/CMakeFiles/CMakeTmp/testCXXCompiler.cxx
Linking CXX executable cmTC_e3f4f
/usr/bin/cmake -E cmake_link_script CMakeFiles/cmTC_e3f4f.dir/link.txt --verbose=1
/dev_t/bin/clang++        CMakeFiles/cmTC_e3f4f.dir/testCXXCompiler.cxx.o  -o cmTC_e3f4f -rdynamic 
make[1]: Leaving directory '/cci_src/cci-develop/cci-cpp-stream/curlpp/build/CMakeFiles/CMakeTmp'


Detecting CXX compiler ABI info compiled with the following output:
Change Dir: /cci_src/cci-develop/cci-cpp-stream/curlpp/build/CMakeFiles/CMakeTmp

Run Build Command:"/usr/bin/make" "cmTC_b18c9/fast"
/usr/bin/make -f CMakeFiles/cmTC_b18c9.dir/build.make CMakeFiles/cmTC_b18c9.dir/build
make[1]: Entering directory '/cci_src/cci-develop/cci-cpp-stream/curlpp/build/CMakeFiles/CMakeTmp'
Building CXX object CMakeFiles/cmTC_b18c9.dir/CMakeCXXCompilerABI.cpp.o
/dev_t/bin/clang++      -o CMakeFiles/cmTC_b18c9.dir/CMakeCXXCompilerABI.cpp.o -c /usr/share/cmake-3.5/Modules/CMakeCXXCompilerABI.cpp
Linking CXX executable cmTC_b18c9
/usr/bin/cmake -E cmake_link_script CMakeFiles/cmTC_b18c9.dir/link.txt --verbose=1
/dev_t/bin/clang++       -v CMakeFiles/cmTC_b18c9.dir/CMakeCXXCompilerABI.cpp.o  -o cmTC_b18c9 -rdynamic  
clang version 4.0.1 (tags/RELEASE_401/final)
Target: x86_64-unknown-linux-gnu
Thread model: posix
InstalledDir: /dev_t/bin
Found candidate GCC installation: /usr/lib/gcc/i686-linux-gnu/5
Found candidate GCC installation: /usr/lib/gcc/i686-linux-gnu/5.4.0
Found candidate GCC installation: /usr/lib/gcc/i686-linux-gnu/6
Found candidate GCC installation: /usr/lib/gcc/i686-linux-gnu/6.0.0
Found candidate GCC installation: /usr/lib/gcc/x86_64-linux-gnu/5
Found candidate GCC installation: /usr/lib/gcc/x86_64-linux-gnu/5.4.0
Found candidate GCC installation: /usr/lib/gcc/x86_64-linux-gnu/6
Found candidate GCC installation: /usr/lib/gcc/x86_64-linux-gnu/6.0.0
Selected GCC installation: /usr/lib/gcc/x86_64-linux-gnu/5.4.0
Candidate multilib: .;@m64
Selected multilib: .;@m64
 "/usr/bin/ld" -export-dynamic --hash-style=both --eh-frame-hdr -m elf_x86_64 -export-dynamic -dynamic-linker /lib64/ld-linux-x86-64.so.2 -o cmTC_b18c9 /usr/lib/gcc/x86_64-linux-gnu/5.4.0/../../../x86_64-linux-gnu/crt1.o /usr/lib/gcc/x86_64-linux-gnu/5.4.0/../../../x86_64-linux-gnu/crti.o /usr/lib/gcc/x86_64-linux-gnu/5.4.0/crtbegin.o -L/usr/lib/gcc/x86_64-linux-gnu/5.4.0 -L/usr/lib/gcc/x86_64-linux-gnu/5.4.0/../../../x86_64-linux-gnu -L/lib/x86_64-linux-gnu -L/lib/../lib64 -L/usr/lib/x86_64-linux-gnu -L/usr/lib/gcc/x86_64-linux-gnu/5.4.0/../../.. -L/dev_t/bin/../lib -L/lib -L/usr/lib CMakeFiles/cmTC_b18c9.dir/CMakeCXXCompilerABI.cpp.o -lstdc++ -lm -lgcc_s -lgcc -lc -lgcc_s -lgcc /usr/lib/gcc/x86_64-linux-gnu/5.4.0/crtend.o /usr/lib/gcc/x86_64-linux-gnu/5.4.0/../../../x86_64-linux-gnu/crtn.o
make[1]: Leaving directory '/cci_src/cci-develop/cci-cpp-stream/curlpp/build/CMakeFiles/CMakeTmp'


Parsed CXX implicit link information from above output:
  link line regex: [^( *|.*[/\])(ld|([^/\]+-)?ld|collect2)[^/\]*( |$)]
  ignore line: [Change Dir: /cci_src/cci-develop/cci-cpp-stream/curlpp/build/CMakeFiles/CMakeTmp]
  ignore line: []
  ignore line: [Run Build Command:"/usr/bin/make" "cmTC_b18c9/fast"]
  ignore line: [/usr/bin/make -f CMakeFiles/cmTC_b18c9.dir/build.make CMakeFiles/cmTC_b18c9.dir/build]
  ignore line: [make[1]: Entering directory '/cci_src/cci-develop/cci-cpp-stream/curlpp/build/CMakeFiles/CMakeTmp']
  ignore line: [Building CXX object CMakeFiles/cmTC_b18c9.dir/CMakeCXXCompilerABI.cpp.o]
  ignore line: [/dev_t/bin/clang++      -o CMakeFiles/cmTC_b18c9.dir/CMakeCXXCompilerABI.cpp.o -c /usr/share/cmake-3.5/Modules/CMakeCXXCompilerABI.cpp]
  ignore line: [Linking CXX executable cmTC_b18c9]
  ignore line: [/usr/bin/cmake -E cmake_link_script CMakeFiles/cmTC_b18c9.dir/link.txt --verbose=1]
  ignore line: [/dev_t/bin/clang++       -v CMakeFiles/cmTC_b18c9.dir/CMakeCXXCompilerABI.cpp.o  -o cmTC_b18c9 -rdynamic  ]
  ignore line: [clang version 4.0.1 (tags/RELEASE_401/final)]
  ignore line: [Target: x86_64-unknown-linux-gnu]
  ignore line: [Thread model: posix]
  ignore line: [InstalledDir: /dev_t/bin]
  ignore line: [Found candidate GCC installation: /usr/lib/gcc/i686-linux-gnu/5]
  ignore line: [Found candidate GCC installation: /usr/lib/gcc/i686-linux-gnu/5.4.0]
  ignore line: [Found candidate GCC installation: /usr/lib/gcc/i686-linux-gnu/6]
  ignore line: [Found candidate GCC installation: /usr/lib/gcc/i686-linux-gnu/6.0.0]
  ignore line: [Found candidate GCC installation: /usr/lib/gcc/x86_64-linux-gnu/5]
  ignore line: [Found candidate GCC installation: /usr/lib/gcc/x86_64-linux-gnu/5.4.0]
  ignore line: [Found candidate GCC installation: /usr/lib/gcc/x86_64-linux-gnu/6]
  ignore line: [Found candidate GCC installation: /usr/lib/gcc/x86_64-linux-gnu/6.0.0]
  ignore line: [Selected GCC installation: /usr/lib/gcc/x86_64-linux-gnu/5.4.0]
  ignore line: [Candidate multilib: .]
  ignore line: [@m64]
  ignore line: [Selected multilib: .]
  ignore line: [@m64]
  link line: [ "/usr/bin/ld" -export-dynamic --hash-style=both --eh-frame-hdr -m elf_x86_64 -export-dynamic -dynamic-linker /lib64/ld-linux-x86-64.so.2 -o cmTC_b18c9 /usr/lib/gcc/x86_64-linux-gnu/5.4.0/../../../x86_64-linux-gnu/crt1.o /usr/lib/gcc/x86_64-linux-gnu/5.4.0/../../../x86_64-linux-gnu/crti.o /usr/lib/gcc/x86_64-linux-gnu/5.4.0/crtbegin.o -L/usr/lib/gcc/x86_64-linux-gnu/5.4.0 -L/usr/lib/gcc/x86_64-linux-gnu/5.4.0/../../../x86_64-linux-gnu -L/lib/x86_64-linux-gnu -L/lib/../lib64 -L/usr/lib/x86_64-linux-gnu -L/usr/lib/gcc/x86_64-linux-gnu/5.4.0/../../.. -L/dev_t/bin/../lib -L/lib -L/usr/lib CMakeFiles/cmTC_b18c9.dir/CMakeCXXCompilerABI.cpp.o -lstdc++ -lm -lgcc_s -lgcc -lc -lgcc_s -lgcc /usr/lib/gcc/x86_64-linux-gnu/5.4.0/crtend.o /usr/lib/gcc/x86_64-linux-gnu/5.4.0/../../../x86_64-linux-gnu/crtn.o]
    arg [/usr/bin/ld] ==> ignore
    arg [-export-dynamic] ==> ignore
    arg [--hash-style=both] ==> ignore
    arg [--eh-frame-hdr] ==> ignore
    arg [-m] ==> ignore
    arg [elf_x86_64] ==> ignore
    arg [-export-dynamic] ==> ignore
    arg [-dynamic-linker] ==> ignore
    arg [/lib64/ld-linux-x86-64.so.2] ==> ignore
    arg [-o] ==> ignore
    arg [cmTC_b18c9] ==> ignore
    arg [/usr/lib/gcc/x86_64-linux-gnu/5.4.0/../../../x86_64-linux-gnu/crt1.o] ==> ignore
    arg [/usr/lib/gcc/x86_64-linux-gnu/5.4.0/../../../x86_64-linux-gnu/crti.o] ==> ignore
    arg [/usr/lib/gcc/x86_64-linux-gnu/5.4.0/crtbegin.o] ==> ignore
    arg [-L/usr/lib/gcc/x86_64-linux-gnu/5.4.0] ==> dir [/usr/lib/gcc/x86_64-linux-gnu/5.4.0]
    arg [-L/usr/lib/gcc/x86_64-linux-gnu/5.4.0/../../../x86_64-linux-gnu] ==> dir [/usr/lib/gcc/x86_64-linux-gnu/5.4.0/../../../x86_64-linux-gnu]
    arg [-L/lib/x86_64-linux-gnu] ==> dir [/lib/x86_64-linux-gnu]
    arg [-L/lib/../lib64] ==> dir [/lib/../lib64]
    arg [-L/usr/lib/x86_64-linux-gnu] ==> dir [/usr/lib/x86_64-linux-gnu]
    arg [-L/usr/lib/gcc/x86_64-linux-gnu/5.4.0/../../..] ==> dir [/usr/lib/gcc/x86_64-linux-gnu/5.4.0/../../..]
    arg [-L/dev_t/bin/../lib] ==> dir [/dev_t/bin/../lib]
    arg [-L/lib] ==> dir [/lib]
    arg [-L/usr/lib] ==> dir [/usr/lib]
    arg [CMakeFiles/cmTC_b18c9.dir/CMakeCXXCompilerABI.cpp.o] ==> ignore
    arg [-lstdc++] ==> lib [stdc++]
    arg [-lm] ==> lib [m]
    arg [-lgcc_s] ==> lib [gcc_s]
    arg [-lgcc] ==> lib [gcc]
    arg [-lc] ==> lib [c]
    arg [-lgcc_s] ==> lib [gcc_s]
    arg [-lgcc] ==> lib [gcc]
    arg [/usr/lib/gcc/x86_64-linux-gnu/5.4.0/crtend.o] ==> ignore
    arg [/usr/lib/gcc/x86_64-linux-gnu/5.4.0/../../../x86_64-linux-gnu/crtn.o] ==> ignore
  remove lib [gcc_s]
  remove lib [gcc]
  remove lib [gcc_s]
  remove lib [gcc]
  collapse library dir [/usr/lib/gcc/x86_64-linux-gnu/5.4.0] ==> [/usr/lib/gcc/x86_64-linux-gnu/5.4.0]
  collapse library dir [/usr/lib/gcc/x86_64-linux-gnu/5.4.0/../../../x86_64-linux-gnu] ==> [/usr/lib/x86_64-linux-gnu]
  collapse library dir [/lib/x86_64-linux-gnu] ==> [/lib/x86_64-linux-gnu]
  collapse library dir [/lib/../lib64] ==> [/lib64]
  collapse library dir [/usr/lib/x86_64-linux-gnu] ==> [/usr/lib/x86_64-linux-gnu]
  collapse library dir [/usr/lib/gcc/x86_64-linux-gnu/5.4.0/../../..] ==> [/usr/lib]
  collapse library dir [/dev_t/bin/../lib] ==> [/dev_t/lib]
  collapse library dir [/lib] ==> [/lib]
  collapse library dir [/usr/lib] ==> [/usr/lib]
  implicit libs: [stdc++;m;c]
  implicit dirs: [/usr/lib/gcc/x86_64-linux-gnu/5.4.0;/usr/lib/x86_64-linux-gnu;/lib/x86_64-linux-gnu;/lib64;/usr/lib;/dev_t/lib;/lib]
  implicit fwks: []




Detecting CXX [-std=c++14] compiler features compiled with the following output:
Change Dir: /cci_src/cci-develop/cci-cpp-stream/curlpp/build/CMakeFiles/CMakeTmp

Run Build Command:"/usr/bin/make" "cmTC_e3202/fast"
/usr/bin/make -f CMakeFiles/cmTC_e3202.dir/build.make CMakeFiles/cmTC_e3202.dir/build
make[1]: Entering directory '/cci_src/cci-develop/cci-cpp-stream/curlpp/build/CMakeFiles/CMakeTmp'
Building CXX object CMakeFiles/cmTC_e3202.dir/feature_tests.cxx.o
/dev_t/bin/clang++     -std=c++14 -o CMakeFiles/cmTC_e3202.dir/feature_tests.cxx.o -c /cci_src/cci-develop/cci-cpp-stream/curlpp/build/CMakeFiles/feature_tests.cxx
Linking CXX executable cmTC_e3202
/usr/bin/cmake -E cmake_link_script CMakeFiles/cmTC_e3202.dir/link.txt --verbose=1
/dev_t/bin/clang++        CMakeFiles/cmTC_e3202.dir/feature_tests.cxx.o  -o cmTC_e3202 -rdynamic 
make[1]: Leaving directory '/cci_src/cci-develop/cci-cpp-stream/curlpp/build/CMakeFiles/CMakeTmp'


    Feature record: CXX_FEATURE:1cxx_aggregate_default_initializers
    Feature record: CXX_FEATURE:1cxx_alias_templates
    Feature record: CXX_FEATURE:1cxx_alignas
    Feature record: CXX_FEATURE:1cxx_alignof
    Feature record: CXX_FEATURE:1cxx_attributes
    Feature record: CXX_FEATURE:1cxx_attribute_deprecated
    Feature record: CXX_FEATURE:1cxx_auto_type
    Feature record: CXX_FEATURE:1cxx_binary_literals
    Feature record: CXX_FEATURE:1cxx_constexpr
    Feature record: CXX_FEATURE:1cxx_contextual_conversions
    Feature record: CXX_FEATURE:1cxx_decltype
    Feature record: CXX_FEATURE:1cxx_decltype_auto
    Feature record: CXX_FEATURE:1cxx_decltype_incomplete_return_types
    Feature record: CXX_FEATURE:1cxx_default_function_template_args
    Feature record: CXX_FEATURE:1cxx_defaulted_functions
    Feature record: CXX_FEATURE:1cxx_defaulted_move_initializers
    Feature record: CXX_FEATURE:1cxx_delegating_constructors
    Feature record: CXX_FEATURE:1cxx_deleted_functions
    Feature record: CXX_FEATURE:1cxx_digit_separators
    Feature record: CXX_FEATURE:1cxx_enum_forward_declarations
    Feature record: CXX_FEATURE:1cxx_explicit_conversions
    Feature record: CXX_FEATURE:1cxx_extended_friend_declarations
    Feature record: CXX_FEATURE:1cxx_extern_templates
    Feature record: CXX_FEATURE:1cxx_final
    Feature record: CXX_FEATURE:1cxx_func_identifier
    Feature record: CXX_FEATURE:1cxx_generalized_initializers
    Feature record: CXX_FEATURE:1cxx_generic_lambdas
    Feature record: CXX_FEATURE:1cxx_inheriting_constructors
    Feature record: CXX_FEATURE:1cxx_inline_namespaces
    Feature record: CXX_FEATURE:1cxx_lambdas
    Feature record: CXX_FEATURE:1cxx_lambda_init_captures
    Feature record: CXX_FEATURE:1cxx_local_type_template_args
    Feature record: CXX_FEATURE:1cxx_long_long_type
    Feature record: CXX_FEATURE:1cxx_noexcept
    Feature record: CXX_FEATURE:1cxx_nonstatic_member_init
    Feature record: CXX_FEATURE:1cxx_nullptr
    Feature record: CXX_FEATURE:1cxx_override
    Feature record: CXX_FEATURE:1cxx_range_for
    Feature record: CXX_FEATURE:1cxx_raw_string_literals
    Feature record: CXX_FEATURE:1cxx_reference_qualified_functions
    Feature record: CXX_FEATURE:1cxx_relaxed_constexpr
    Feature record: CXX_FEATURE:1cxx_return_type_deduction
    Feature record: CXX_FEATURE:1cxx_right_angle_brackets
    Feature record: CXX_FEATURE:1cxx_rvalue_references
    Feature record: CXX_FEATURE:1cxx_sizeof_member
    Feature record: CXX_FEATURE:1cxx_static_assert
    Feature record: CXX_FEATURE:1cxx_strong_enums
    Feature record: CXX_FEATURE:1cxx_template_template_parameters
    Feature record: CXX_FEATURE:1cxx_thread_local
    Feature record: CXX_FEATURE:1cxx_trailing_return_types
    Feature record: CXX_FEATURE:1cxx_unicode_literals
    Feature record: CXX_FEATURE:1cxx_uniform_initialization
    Feature record: CXX_FEATURE:1cxx_unrestricted_unions
    Feature record: CXX_FEATURE:1cxx_user_literals
    Feature record: CXX_FEATURE:1cxx_variable_templates
    Feature record: CXX_FEATURE:1cxx_variadic_macros
    Feature record: CXX_FEATURE:1cxx_variadic_templates


Detecting CXX [-std=c++11] compiler features compiled with the following output:
Change Dir: /cci_src/cci-develop/cci-cpp-stream/curlpp/build/CMakeFiles/CMakeTmp

Run Build Command:"/usr/bin/make" "cmTC_e3f07/fast"
/usr/bin/make -f CMakeFiles/cmTC_e3f07.dir/build.make CMakeFiles/cmTC_e3f07.dir/build
make[1]: Entering directory '/cci_src/cci-develop/cci-cpp-stream/curlpp/build/CMakeFiles/CMakeTmp'
Building CXX object CMakeFiles/cmTC_e3f07.dir/feature_tests.cxx.o
/dev_t/bin/clang++     -std=c++11 -o CMakeFiles/cmTC_e3f07.dir/feature_tests.cxx.o -c /cci_src/cci-develop/cci-cpp-stream/curlpp/build/CMakeFiles/feature_tests.cxx
Linking CXX executable cmTC_e3f07
/usr/bin/cmake -E cmake_link_script CMakeFiles/cmTC_e3f07.dir/link.txt --verbose=1
/dev_t/bin/clang++        CMakeFiles/cmTC_e3f07.dir/feature_tests.cxx.o  -o cmTC_e3f07 -rdynamic 
make[1]: Leaving directory '/cci_src/cci-develop/cci-cpp-stream/curlpp/build/CMakeFiles/CMakeTmp'


    Feature record: CXX_FEATURE:0cxx_aggregate_default_initializers
    Feature record: CXX_FEATURE:1cxx_alias_templates
    Feature record: CXX_FEATURE:1cxx_alignas
    Feature record: CXX_FEATURE:1cxx_alignof
    Feature record: CXX_FEATURE:1cxx_attributes
    Feature record: CXX_FEATURE:0cxx_attribute_deprecated
    Feature record: CXX_FEATURE:1cxx_auto_type
    Feature record: CXX_FEATURE:0cxx_binary_literals
    Feature record: CXX_FEATURE:1cxx_constexpr
    Feature record: CXX_FEATURE:0cxx_contextual_conversions
    Feature record: CXX_FEATURE:1cxx_decltype
    Feature record: CXX_FEATURE:0cxx_decltype_auto
    Feature record: CXX_FEATURE:1cxx_decltype_incomplete_return_types
    Feature record: CXX_FEATURE:1cxx_default_function_template_args
    Feature record: CXX_FEATURE:1cxx_defaulted_functions
    Feature record: CXX_FEATURE:1cxx_defaulted_move_initializers
    Feature record: CXX_FEATURE:1cxx_delegating_constructors
    Feature record: CXX_FEATURE:1cxx_deleted_functions
    Feature record: CXX_FEATURE:0cxx_digit_separators
    Feature record: CXX_FEATURE:1cxx_enum_forward_declarations
    Feature record: CXX_FEATURE:1cxx_explicit_conversions
    Feature record: CXX_FEATURE:1cxx_extended_friend_declarations
    Feature record: CXX_FEATURE:1cxx_extern_templates
    Feature record: CXX_FEATURE:1cxx_final
    Feature record: CXX_FEATURE:1cxx_func_identifier
    Feature record: CXX_FEATURE:1cxx_generalized_initializers
    Feature record: CXX_FEATURE:0cxx_generic_lambdas
    Feature record: CXX_FEATURE:1cxx_inheriting_constructors
    Feature record: CXX_FEATURE:1cxx_inline_namespaces
    Feature record: CXX_FEATURE:1cxx_lambdas
    Feature record: CXX_FEATURE:0cxx_lambda_init_captures
    Feature record: CXX_FEATURE:1cxx_local_type_template_args
    Feature record: CXX_FEATURE:1cxx_long_long_type
    Feature record: CXX_FEATURE:1cxx_noexcept
    Feature record: CXX_FEATURE:1cxx_nonstatic_member_init
    Feature record: CXX_FEATURE:1cxx_nullptr
    Feature record: CXX_FEATURE:1cxx_override
    Feature record: CXX_FEATURE:1cxx_range_for
    Feature record: CXX_FEATURE:1cxx_raw_string_literals
    Feature record: CXX_FEATURE:1cxx_reference_qualified_functions
    Feature record: CXX_FEATURE:0cxx_relaxed_constexpr
    Feature record: CXX_FEATURE:0cxx_return_type_deduction
    Feature record: CXX_FEATURE:1cxx_right_angle_brackets
    Feature record: CXX_FEATURE:1cxx_rvalue_references
    Feature record: CXX_FEATURE:1cxx_sizeof_member
    Feature record: CXX_FEATURE:1cxx_static_assert
    Feature record: CXX_FEATURE:1cxx_strong_enums
    Feature record: CXX_FEATURE:1cxx_template_template_parameters
    Feature record: CXX_FEATURE:1cxx_thread_local
    Feature record: CXX_FEATURE:1cxx_trailing_return_types
    Feature record: CXX_FEATURE:1cxx_unicode_literals
    Feature record: CXX_FEATURE:1cxx_uniform_initialization
    Feature record: CXX_FEATURE:1cxx_unrestricted_unions
    Feature record: CXX_FEATURE:1cxx_user_literals
    Feature record: CXX_FEATURE:0cxx_variable_templates
    Feature record: CXX_FEATURE:1cxx_variadic_macros
    Feature record: CXX_FEATURE:1cxx_variadic_templates


Detecting CXX [-std=c++98] compiler features compiled with the following output:
Change Dir: /cci_src/cci-develop/cci-cpp-stream/curlpp/build/CMakeFiles/CMakeTmp

Run Build Command:"/usr/bin/make" "cmTC_dc863/fast"
/usr/bin/make -f CMakeFiles/cmTC_dc863.dir/build.make CMakeFiles/cmTC_dc863.dir/build
make[1]: Entering directory '/cci_src/cci-develop/cci-cpp-stream/curlpp/build/CMakeFiles/CMakeTmp'
Building CXX object CMakeFiles/cmTC_dc863.dir/feature_tests.cxx.o
/dev_t/bin/clang++     -std=c++98 -o CMakeFiles/cmTC_dc863.dir/feature_tests.cxx.o -c /cci_src/cci-develop/cci-cpp-stream/curlpp/build/CMakeFiles/feature_tests.cxx
Linking CXX executable cmTC_dc863
/usr/bin/cmake -E cmake_link_script CMakeFiles/cmTC_dc863.dir/link.txt --verbose=1
/dev_t/bin/clang++        CMakeFiles/cmTC_dc863.dir/feature_tests.cxx.o  -o cmTC_dc863 -rdynamic 
make[1]: Leaving directory '/cci_src/cci-develop/cci-cpp-stream/curlpp/build/CMakeFiles/CMakeTmp'


    Feature record: CXX_FEATURE:0cxx_aggregate_default_initializers
    Feature record: CXX_FEATURE:0cxx_alias_templates
    Feature record: CXX_FEATURE:0cxx_alignas
    Feature record: CXX_FEATURE:0cxx_alignof
    Feature record: CXX_FEATURE:0cxx_attributes
    Feature record: CXX_FEATURE:0cxx_attribute_deprecated
    Feature record: CXX_FEATURE:0cxx_auto_type
    Feature record: CXX_FEATURE:0cxx_binary_literals
    Feature record: CXX_FEATURE:0cxx_constexpr
    Feature record: CXX_FEATURE:0cxx_contextual_conversions
    Feature record: CXX_FEATURE:0cxx_decltype
    Feature record: CXX_FEATURE:0cxx_decltype_auto
    Feature record: CXX_FEATURE:0cxx_decltype_incomplete_return_types
    Feature record: CXX_FEATURE:0cxx_default_function_template_args
    Feature record: CXX_FEATURE:0cxx_defaulted_functions
    Feature record: CXX_FEATURE:0cxx_defaulted_move_initializers
    Feature record: CXX_FEATURE:0cxx_delegating_constructors
    Feature record: CXX_FEATURE:0cxx_deleted_functions
    Feature record: CXX_FEATURE:0cxx_digit_separators
    Feature record: CXX_FEATURE:0cxx_enum_forward_declarations
    Feature record: CXX_FEATURE:0cxx_explicit_conversions
    Feature record: CXX_FEATURE:0cxx_extended_friend_declarations
    Feature record: CXX_FEATURE:0cxx_extern_templates
    Feature record: CXX_FEATURE:0cxx_final
    Feature record: CXX_FEATURE:0cxx_func_identifier
    Feature record: CXX_FEATURE:0cxx_generalized_initializers
    Feature record: CXX_FEATURE:0cxx_generic_lambdas
    Feature record: CXX_FEATURE:0cxx_inheriting_constructors
    Feature record: CXX_FEATURE:0cxx_inline_namespaces
    Feature record: CXX_FEATURE:0cxx_lambdas
    Feature record: CXX_FEATURE:0cxx_lambda_init_captures
    Feature record: CXX_FEATURE:0cxx_local_type_template_args
    Feature record: CXX_FEATURE:0cxx_long_long_type
    Feature record: CXX_FEATURE:0cxx_noexcept
    Feature record: CXX_FEATURE:0cxx_nonstatic_member_init
    Feature record: CXX_FEATURE:0cxx_nullptr
    Feature record: CXX_FEATURE:0cxx_override
    Feature record: CXX_FEATURE:0cxx_range_for
    Feature record: CXX_FEATURE:0cxx_raw_string_literals
    Feature record: CXX_FEATURE:0cxx_reference_qualified_functions
    Feature record: CXX_FEATURE:0cxx_relaxed_constexpr
    Feature record: CXX_FEATURE:0cxx_return_type_deduction
    Feature record: CXX_FEATURE:0cxx_right_angle_brackets
    Feature record: CXX_FEATURE:0cxx_rvalue_references
    Feature record: CXX_FEATURE:0cxx_sizeof_member
    Feature record: CXX_FEATURE:0cxx_static_assert
    Feature record: CXX_FEATURE:0cxx_strong_enums
    Feature record: CXX_FEATURE:1cxx_template_template_parameters
    Feature record: CXX_FEATURE:0cxx_thread_local
    Feature record: CXX_FEATURE:0cxx_trailing_return_types
    Feature record: CXX_FEATURE:0cxx_unicode_literals
    Feature record: CXX_FEATURE:0cxx_uniform_initialization
    Feature record: CXX_FEATURE:0cxx_unrestricted_unions
    Feature record: CXX_FEATURE:0cxx_user_literals
    Feature record: CXX_FEATURE:0cxx_variable_templates
    Feature record: CXX_FEATURE:0cxx_variadic_macros
    Feature record: CXX_FEATURE:0cxx_variadic_templates
